<?xml version="1.0" encoding="UTF-8"?>
<coverage generated="1594401311747" clover="3.2.0">
  <project timestamp="1594401311747" name="All files">
    <metrics statements="17" coveredstatements="17" conditionals="11" coveredconditionals="11" methods="6" coveredmethods="6" elements="34" coveredelements="34" complexity="0" loc="17" ncloc="17" packages="1" files="2" classes="2"/>
    <file name="sum.js" path="D:\others\learn-test\src\app\utils\sum.js">
      <metrics statements="1" coveredstatements="1" conditionals="0" coveredconditionals="0" methods="1" coveredmethods="1"/>
      <line num="1" count="2" type="stmt"/>
    </file>
    <file name="utils.js" path="D:\others\learn-test\src\app\utils\utils.js">
      <metrics statements="16" coveredstatements="16" conditionals="11" coveredconditionals="11" methods="5" coveredmethods="5"/>
      <line num="4" count="1" type="cond" truecount="1" falsecount="0"/>
      <line num="5" count="2" type="stmt"/>
      <line num="7" count="8" type="cond" truecount="2" falsecount="0"/>
      <line num="10" count="1" type="cond" truecount="1" falsecount="0"/>
      <line num="12" count="7" type="cond" truecount="2" falsecount="0"/>
      <line num="13" count="2" type="stmt"/>
      <line num="16" count="5" type="cond" truecount="5" falsecount="0"/>
      <line num="18" count="1" type="stmt"/>
      <line num="20" count="1" type="stmt"/>
      <line num="22" count="1" type="stmt"/>
      <line num="24" count="1" type="stmt"/>
      <line num="26" count="1" type="stmt"/>
      <line num="30" count="1" type="stmt"/>
      <line num="31" count="1" type="stmt"/>
      <line num="34" count="1" type="stmt"/>
      <line num="35" count="1" type="stmt"/>
    </file>
  </project>
</coverage>
