{"D:\\others\\learn-test\\src\\app\\utils\\sum.js": {"path":"D:\\others\\learn-test\\src\\app\\utils\\sum.js","statementMap":{"0":{"start":{"line":1,"column":19},"end":{"line":1,"column":34}},"1":{"start":{"line":1,"column":29},"end":{"line":1,"column":34}}},"fnMap":{"0":{"name":"(anonymous_0)","decl":{"start":{"line":1,"column":19},"end":{"line":1,"column":20}},"loc":{"start":{"line":1,"column":29},"end":{"line":1,"column":34}},"line":1}},"branchMap":{},"s":{"0":2,"1":1},"f":{"0":1},"b":{},"_coverageSchema":"43e27e138ebf9cfc5966b082cf9a028302ed4184","hash":"d47f5e68cd59802ac1d52960b490a85806495a9f"}
,"D:\\others\\learn-test\\src\\app\\utils\\utils.js": {"path":"D:\\others\\learn-test\\src\\app\\utils\\utils.js","statementMap":{"0":{"start":{"line":4,"column":37},"end":{"line":8,"column":1}},"1":{"start":{"line":5,"column":27},"end":{"line":5,"column":47}},"2":{"start":{"line":7,"column":4},"end":{"line":7,"column":99}},"3":{"start":{"line":7,"column":50},"end":{"line":7,"column":91}},"4":{"start":{"line":10,"column":25},"end":{"line":28,"column":1}},"5":{"start":{"line":12,"column":4},"end":{"line":14,"column":5}},"6":{"start":{"line":13,"column":8},"end":{"line":13,"column":20}},"7":{"start":{"line":16,"column":4},"end":{"line":27,"column":5}},"8":{"start":{"line":18,"column":12},"end":{"line":18,"column":30}},"9":{"start":{"line":20,"column":12},"end":{"line":20,"column":33}},"10":{"start":{"line":22,"column":12},"end":{"line":22,"column":29}},"11":{"start":{"line":24,"column":12},"end":{"line":24,"column":34}},"12":{"start":{"line":26,"column":12},"end":{"line":26,"column":23}},"13":{"start":{"line":30,"column":27},"end":{"line":32,"column":1}},"14":{"start":{"line":31,"column":4},"end":{"line":31,"column":30}},"15":{"start":{"line":34,"column":33},"end":{"line":36,"column":1}},"16":{"start":{"line":35,"column":4},"end":{"line":35,"column":25}}},"fnMap":{"0":{"name":"(anonymous_0)","decl":{"start":{"line":4,"column":37},"end":{"line":4,"column":38}},"loc":{"start":{"line":4,"column":51},"end":{"line":8,"column":1}},"line":4},"1":{"name":"(anonymous_1)","decl":{"start":{"line":7,"column":33},"end":{"line":7,"column":34}},"loc":{"start":{"line":7,"column":50},"end":{"line":7,"column":91}},"line":7},"2":{"name":"(anonymous_2)","decl":{"start":{"line":10,"column":25},"end":{"line":10,"column":26}},"loc":{"start":{"line":10,"column":41},"end":{"line":28,"column":1}},"line":10},"3":{"name":"(anonymous_3)","decl":{"start":{"line":30,"column":27},"end":{"line":30,"column":28}},"loc":{"start":{"line":30,"column":36},"end":{"line":32,"column":1}},"line":30},"4":{"name":"(anonymous_4)","decl":{"start":{"line":34,"column":33},"end":{"line":34,"column":34}},"loc":{"start":{"line":34,"column":43},"end":{"line":36,"column":1}},"line":34}},"branchMap":{"0":{"loc":{"start":{"line":4,"column":38},"end":{"line":4,"column":46}},"type":"default-arg","locations":[{"start":{"line":4,"column":44},"end":{"line":4,"column":46}}],"line":4},"1":{"loc":{"start":{"line":7,"column":50},"end":{"line":7,"column":91}},"type":"cond-expr","locations":[{"start":{"line":7,"column":79},"end":{"line":7,"column":85}},{"start":{"line":7,"column":88},"end":{"line":7,"column":91}}],"line":7},"2":{"loc":{"start":{"line":10,"column":26},"end":{"line":10,"column":36}},"type":"default-arg","locations":[{"start":{"line":10,"column":32},"end":{"line":10,"column":36}}],"line":10},"3":{"loc":{"start":{"line":12,"column":4},"end":{"line":14,"column":5}},"type":"if","locations":[{"start":{"line":12,"column":4},"end":{"line":14,"column":5}},{"start":{"line":12,"column":4},"end":{"line":14,"column":5}}],"line":12},"4":{"loc":{"start":{"line":16,"column":4},"end":{"line":27,"column":5}},"type":"switch","locations":[{"start":{"line":17,"column":8},"end":{"line":18,"column":30}},{"start":{"line":19,"column":8},"end":{"line":20,"column":33}},{"start":{"line":21,"column":8},"end":{"line":22,"column":29}},{"start":{"line":23,"column":8},"end":{"line":24,"column":34}},{"start":{"line":25,"column":8},"end":{"line":26,"column":23}}],"line":16}},"s":{"0":1,"1":2,"2":2,"3":8,"4":1,"5":7,"6":2,"7":5,"8":1,"9":1,"10":1,"11":1,"12":1,"13":1,"14":1,"15":1,"16":1},"f":{"0":2,"1":8,"2":7,"3":1,"4":1},"b":{"0":[1],"1":[1,7],"2":[1],"3":[2,5],"4":[1,1,1,1,1]},"_coverageSchema":"43e27e138ebf9cfc5966b082cf9a028302ed4184","hash":"6050f83f5931db77868a5ae729b98c88abd283a4"}
}
