TN:
SF:D:\others\learn-test\src\app\utils\sum.js
FN:1,(anonymous_0)
FNF:1
FNH:1
FNDA:1,(anonymous_0)
DA:1,2
LF:1
LH:1
BRF:0
BRH:0
end_of_record
TN:
SF:D:\others\learn-test\src\app\utils\utils.js
FN:4,(anonymous_0)
FN:7,(anonymous_1)
FN:10,(anonymous_2)
FN:30,(anonymous_3)
FN:34,(anonymous_4)
FNF:5
FNH:5
FNDA:2,(anonymous_0)
FNDA:8,(anonymous_1)
FNDA:7,(anonymous_2)
FNDA:1,(anonymous_3)
FNDA:1,(anonymous_4)
DA:4,1
DA:5,2
DA:7,8
DA:10,1
DA:12,7
DA:13,2
DA:16,5
DA:18,1
DA:20,1
DA:22,1
DA:24,1
DA:26,1
DA:30,1
DA:31,1
DA:34,1
DA:35,1
LF:16
LH:16
BRDA:4,0,0,1
BRDA:7,1,0,1
BRDA:7,1,1,7
BRDA:10,2,0,1
BRDA:12,3,0,2
BRDA:12,3,1,5
BRDA:16,4,0,1
BRDA:16,4,1,1
BRDA:16,4,2,1
BRDA:16,4,3,1
BRDA:16,4,4,1
BRF:11
BRH:11
end_of_record
